TN:
SF:src\index.ts
FN:8,EmployeeOrgApp
FN:14,move
FN:34,undo
FN:53,redo
FN:72,findEmployeeByUniqueId
FN:91,findSupervisor
FNF:6
FNH:6
FNDA:1,EmployeeOrgApp
FNDA:2,move
FNDA:1,undo
FNDA:1,redo
FNDA:4,findEmployeeByUniqueId
FNDA:4,findSupervisor
DA:1,1
DA:2,1
DA:3,1
DA:4,1
DA:5,1
DA:6,1
DA:7,1
DA:8,1
DA:9,1
DA:10,1
DA:11,1
DA:12,1
DA:13,1
DA:14,1
DA:15,2
DA:16,2
DA:17,2
DA:18,2
DA:19,2
DA:20,2
DA:21,2
DA:22,2
DA:23,2
DA:24,2
DA:25,2
DA:26,2
DA:27,2
DA:28,2
DA:29,2
DA:30,2
DA:31,2
DA:32,2
DA:33,1
DA:34,1
DA:35,1
DA:36,1
DA:37,1
DA:38,1
DA:39,1
DA:40,1
DA:41,1
DA:42,1
DA:43,1
DA:44,1
DA:45,1
DA:46,1
DA:47,1
DA:48,1
DA:49,1
DA:50,1
DA:51,1
DA:52,1
DA:53,1
DA:54,1
DA:55,1
DA:56,1
DA:57,1
DA:58,1
DA:59,1
DA:60,1
DA:61,1
DA:62,1
DA:63,1
DA:64,1
DA:65,1
DA:66,1
DA:67,1
DA:68,1
DA:69,1
DA:70,1
DA:71,1
DA:72,1
DA:73,4
DA:74,4
DA:75,4
DA:76,24
DA:77,24
DA:78,24
DA:79,24
DA:80,4
DA:81,4
DA:82,20
DA:83,20
DA:84,20
DA:85,24
DA:86,0
DA:87,0
DA:88,0
DA:89,0
DA:90,1
DA:91,1
DA:92,4
DA:93,4
DA:94,4
DA:95,16
DA:96,16
DA:97,16
DA:98,16
DA:99,4
DA:100,4
DA:101,12
DA:102,12
DA:103,12
DA:104,16
DA:105,0
DA:106,0
DA:107,0
DA:108,0
DA:109,1
DA:110,1
DA:111,1
LF:111
LH:103
BRDA:8,0,0,1
BRDA:14,1,0,2
BRDA:21,2,0,5
BRDA:34,3,0,1
BRDA:43,4,0,4
BRDA:53,5,0,1
BRDA:62,6,0,4
BRDA:72,7,0,4
BRDA:75,8,0,24
BRDA:79,9,0,4
BRDA:82,10,0,20
BRDA:86,11,0,0
BRDA:91,12,0,4
BRDA:94,13,0,16
BRDA:98,14,0,4
BRDA:101,15,0,12
BRDA:105,16,0,0
BRF:17
BRH:15
end_of_record
TN:
SF:src\sample.ts
FNF:0
FNH:0
DA:1,1
DA:2,1
DA:3,1
DA:4,1
DA:5,1
DA:6,1
DA:7,1
DA:8,1
DA:9,1
DA:10,1
DA:11,1
DA:12,1
DA:13,1
DA:14,1
DA:15,1
DA:16,1
DA:17,1
DA:18,1
DA:19,1
DA:20,1
DA:21,1
DA:22,1
DA:23,1
DA:24,1
DA:25,1
DA:26,1
DA:27,1
DA:28,1
DA:29,1
DA:30,1
DA:31,1
DA:32,1
DA:33,1
DA:34,1
DA:35,1
DA:36,1
DA:37,1
DA:38,1
DA:39,1
DA:40,1
DA:41,1
DA:42,1
DA:43,1
DA:44,1
DA:45,1
DA:46,1
DA:47,1
DA:48,1
DA:49,1
DA:50,1
DA:51,1
DA:52,1
DA:53,1
DA:54,1
DA:55,1
DA:56,1
DA:57,1
DA:58,1
DA:59,1
DA:60,1
DA:61,1
DA:62,1
DA:63,1
DA:64,1
DA:65,1
DA:66,1
DA:67,1
DA:68,1
DA:69,1
DA:70,1
DA:71,1
DA:72,1
DA:73,1
DA:74,1
DA:75,1
DA:76,1
DA:77,1
DA:78,1
DA:79,1
DA:80,1
DA:81,1
DA:82,1
DA:83,1
DA:84,1
DA:85,1
LF:85
LH:85
BRF:0
BRH:0
end_of_record
